<?xml version="1.0" encoding="UTF-8"?>
<!-- Generated by org.testng.reporters.JUnitXMLReporter -->
<testsuite ignored="0" hostname="yinons-MacBook-Pro-2.local" failures="0" tests="16" name="Test" time="40.821" errors="0" timestamp="2021-05-01T22:18:53 IDT">
  <testcase classname="TestsObjects.LoginTest" name="FillPasswordWithOutToFillEmail" time="1.442"/>
  <testcase classname="TestsObjects.SignUpTest" name="FillEmailWitoutShtudel" time="2.181"/>
  <testcase classname="TestsObjects.LoginTest" name="FillEmailWithOutToFillPassword" time="0.928"/>
  <testcase classname="TestsObjects.LoginTest" name="ClickLoginwWithOutToFillAnyFields" time="0.804"/>
  <testcase classname="TestsObjects.SignUpTest" name="FillEmailWithoutDotCom" time="3.407"/>
  <testcase classname="TestsObjects.LoginTest" name="FillCorrectEmailWithWrongPassword" time="2.403"/>
  <testcase classname="TestsObjects.LoginTest" name="FillCorrectPasswordWithWrongEmail" time="1.596"/>
  <testcase classname="TestsObjects.SignUpTest" name="FillPsswordWithLessthan6Characters" time="1.739"/>
  <testcase classname="TestsObjects.SignUpTest" name="FillMailWithSpecialCarecters" time="1.408"/>
  <testcase classname="TestsObjects.LoginTest" name="DoLogin" time="2.209"/>
  <testcase classname="TestsObjects.SignUpTest" name="FillMailWithHebrewCarecters" time="2.401"/>
  <testcase classname="TestsObjects.SignUpTest" name="FillNameWithSpecialCarecters" time="1.345"/>
  <testcase classname="TestsObjects.SignUpTest" name="FillNameWithHebrewCarecters" time="2.745"/>
  <testcase classname="TestsObjects.SignUpTest" name="FillNameWithOutLastName" time="1.371"/>
  <testcase classname="TestsObjects.SignUpTest" name="DoSignUp" time="3.163"/>
  <testcase classname="TestsObjects.SignUpTest" name="CreateUser" time="5.512"/>
</testsuite> <!-- Test -->
