<?xml version="1.0" encoding="UTF-8"?>
<!-- Generated by org.testng.reporters.JUnitXMLReporter -->
<testsuite ignored="0" hostname="yinons-MacBook-Pro-2.local" failures="0" tests="3" name="Test" time="16.152" errors="0" timestamp="2021-04-20T18:21:47 IDT">
  <testcase classname="TestsObjects.LoginTest" name="FillPasswordWithOutToFillEmail" time="0.921"/>
  <testcase classname="TestsObjects.LoginTest" name="FillEmailWithOutToFillPassword" time="0.627"/>
  <testcase classname="TestsObjects.LoginTest" name="ClickLoginwWithOutToFillAnyFields" time="0.457"/>
</testsuite> <!-- Test -->
