<?xml version="1.0" encoding="UTF-8"?>
<testng-results ignored="0" total="17" passed="16" failed="1" skipped="0">
  <reporter-output>
  </reporter-output>
  <suite started-at="2021-05-03T14:56:48 IDT" name="Suite" finished-at="2021-05-03T14:57:41 IDT" duration-ms="53389">
    <groups>
      <group name="sanity-group">
        <method signature="LoginTest.ClickLoginwWithOutToFillAnyFields()[pri:3, instance:TestsObjects.LoginTest@4c4f4365]" name="ClickLoginwWithOutToFillAnyFields" class="TestsObjects.LoginTest"/>
        <method signature="LoginTest.DoLogin()[pri:7, instance:TestsObjects.LoginTest@4c4f4365]" name="DoLogin" class="TestsObjects.LoginTest"/>
        <method signature="LoginTest.FillCorrectEmailWithWrongPassword()[pri:4, instance:TestsObjects.LoginTest@4c4f4365]" name="FillCorrectEmailWithWrongPassword" class="TestsObjects.LoginTest"/>
        <method signature="LoginTest.FillCorrectPasswordWithWrongEmail()[pri:5, instance:TestsObjects.LoginTest@4c4f4365]" name="FillCorrectPasswordWithWrongEmail" class="TestsObjects.LoginTest"/>
        <method signature="LoginTest.FillEmailWithOutToFillPassword()[pri:2, instance:TestsObjects.LoginTest@4c4f4365]" name="FillEmailWithOutToFillPassword" class="TestsObjects.LoginTest"/>
        <method signature="LoginTest.FillHebLettersEmail()[pri:6, instance:TestsObjects.LoginTest@4c4f4365]" name="FillHebLettersEmail" class="TestsObjects.LoginTest"/>
        <method signature="LoginTest.FillPasswordWithOutToFillEmail()[pri:1, instance:TestsObjects.LoginTest@4c4f4365]" name="FillPasswordWithOutToFillEmail" class="TestsObjects.LoginTest"/>
        <method signature="SignUpTest.CreateUser()[pri:11, instance:TestsObjects.SignUpTest@acf859d]" name="CreateUser" class="TestsObjects.SignUpTest"/>
        <method signature="SignUpTest.DoSignUp()[pri:10, instance:TestsObjects.SignUpTest@acf859d]" name="DoSignUp" class="TestsObjects.SignUpTest"/>
        <method signature="SignUpTest.FillEmailWithoutDotCom()[pri:3, instance:TestsObjects.SignUpTest@acf859d]" name="FillEmailWithoutDotCom" class="TestsObjects.SignUpTest"/>
        <method signature="SignUpTest.FillEmailWitoutShtudel()[pri:2, instance:TestsObjects.SignUpTest@acf859d]" name="FillEmailWitoutShtudel" class="TestsObjects.SignUpTest"/>
        <method signature="SignUpTest.FillMailWithHebrewCarecters()[pri:6, instance:TestsObjects.SignUpTest@acf859d]" name="FillMailWithHebrewCarecters" class="TestsObjects.SignUpTest"/>
        <method signature="SignUpTest.FillMailWithSpecialCarecters()[pri:5, instance:TestsObjects.SignUpTest@acf859d]" name="FillMailWithSpecialCarecters" class="TestsObjects.SignUpTest"/>
        <method signature="SignUpTest.FillNameWithHebrewCarecters()[pri:8, instance:TestsObjects.SignUpTest@acf859d]" name="FillNameWithHebrewCarecters" class="TestsObjects.SignUpTest"/>
        <method signature="SignUpTest.FillNameWithOutLastName()[pri:9, instance:TestsObjects.SignUpTest@acf859d]" name="FillNameWithOutLastName" class="TestsObjects.SignUpTest"/>
        <method signature="SignUpTest.FillNameWithSpecialCarecters()[pri:7, instance:TestsObjects.SignUpTest@acf859d]" name="FillNameWithSpecialCarecters" class="TestsObjects.SignUpTest"/>
        <method signature="SignUpTest.FillPsswordWithLessthan6Characters()[pri:4, instance:TestsObjects.SignUpTest@acf859d]" name="FillPsswordWithLessthan6Characters" class="TestsObjects.SignUpTest"/>
      </group> <!-- sanity-group -->
    </groups>
    <test started-at="2021-05-03T14:56:48 IDT" name="Test" finished-at="2021-05-03T14:57:41 IDT" duration-ms="53389">
      <class name="TestsObjects.LoginTest">
        <test-method is-config="true" signature="setupCapability(org.testng.ITestContext)[pri:0, instance:TestsObjects.LoginTest@4c4f4365]" started-at="2021-05-03T14:56:48 IDT" name="setupCapability" finished-at="2021-05-03T14:57:03 IDT" duration-ms="14913" status="PASS">
          <params>
            <param index="0">
              <value>
                <![CDATA[org.testng.TestRunner@58b67519]]>
              </value>
            </param>
          </params>
          <reporter-output>
          </reporter-output>
        </test-method> <!-- setupCapability -->
        <test-method signature="FillPasswordWithOutToFillEmail()[pri:1, instance:TestsObjects.LoginTest@4c4f4365]" started-at="2021-05-03T14:57:03 IDT" name="FillPasswordWithOutToFillEmail" finished-at="2021-05-03T14:57:04 IDT" duration-ms="1661" status="PASS">
          <reporter-output>
          </reporter-output>
        </test-method> <!-- FillPasswordWithOutToFillEmail -->
        <test-method signature="FillEmailWithOutToFillPassword()[pri:2, instance:TestsObjects.LoginTest@4c4f4365]" started-at="2021-05-03T14:57:04 IDT" name="FillEmailWithOutToFillPassword" finished-at="2021-05-03T14:57:05 IDT" duration-ms="855" status="PASS">
          <reporter-output>
          </reporter-output>
        </test-method> <!-- FillEmailWithOutToFillPassword -->
        <test-method signature="ClickLoginwWithOutToFillAnyFields()[pri:3, instance:TestsObjects.LoginTest@4c4f4365]" started-at="2021-05-03T14:57:05 IDT" name="ClickLoginwWithOutToFillAnyFields" finished-at="2021-05-03T14:57:06 IDT" duration-ms="552" status="PASS">
          <reporter-output>
          </reporter-output>
        </test-method> <!-- ClickLoginwWithOutToFillAnyFields -->
        <test-method signature="FillCorrectEmailWithWrongPassword()[pri:4, instance:TestsObjects.LoginTest@4c4f4365]" started-at="2021-05-03T14:57:06 IDT" name="FillCorrectEmailWithWrongPassword" finished-at="2021-05-03T14:57:08 IDT" duration-ms="1911" status="PASS">
          <reporter-output>
          </reporter-output>
        </test-method> <!-- FillCorrectEmailWithWrongPassword -->
        <test-method signature="FillCorrectPasswordWithWrongEmail()[pri:5, instance:TestsObjects.LoginTest@4c4f4365]" started-at="2021-05-03T14:57:08 IDT" name="FillCorrectPasswordWithWrongEmail" finished-at="2021-05-03T14:57:10 IDT" duration-ms="1720" status="PASS">
          <reporter-output>
          </reporter-output>
        </test-method> <!-- FillCorrectPasswordWithWrongEmail -->
        <test-method signature="FillHebLettersEmail()[pri:6, instance:TestsObjects.LoginTest@4c4f4365]" started-at="2021-05-03T14:57:10 IDT" name="FillHebLettersEmail" finished-at="2021-05-03T14:57:11 IDT" duration-ms="1754" status="PASS">
          <reporter-output>
          </reporter-output>
        </test-method> <!-- FillHebLettersEmail -->
        <test-method signature="DoLogin()[pri:7, instance:TestsObjects.LoginTest@4c4f4365]" started-at="2021-05-03T14:57:11 IDT" name="DoLogin" finished-at="2021-05-03T14:57:13 IDT" duration-ms="1679" status="PASS">
          <reporter-output>
          </reporter-output>
        </test-method> <!-- DoLogin -->
        <test-method is-config="true" signature="close()[pri:0, instance:TestsObjects.LoginTest@4c4f4365]" started-at="2021-05-03T14:57:13 IDT" name="close" finished-at="2021-05-03T14:57:13 IDT" duration-ms="226" status="PASS">
          <reporter-output>
          </reporter-output>
        </test-method> <!-- close -->
      </class> <!-- TestsObjects.LoginTest -->
      <class name="TestsObjects.SignUpTest">
        <test-method is-config="true" signature="setupCapability(org.testng.ITestContext)[pri:0, instance:TestsObjects.SignUpTest@acf859d]" started-at="2021-05-03T14:56:48 IDT" name="setupCapability" finished-at="2021-05-03T14:57:02 IDT" duration-ms="14737" status="PASS">
          <params>
            <param index="0">
              <value>
                <![CDATA[org.testng.TestRunner@58b67519]]>
              </value>
            </param>
          </params>
          <reporter-output>
          </reporter-output>
        </test-method> <!-- setupCapability -->
        <test-method signature="FillEmailWitoutShtudel()[pri:2, instance:TestsObjects.SignUpTest@acf859d]" started-at="2021-05-03T14:57:02 IDT" name="FillEmailWitoutShtudel" finished-at="2021-05-03T14:57:15 IDT" duration-ms="12844" status="FAIL">
          <exception class="org.openqa.selenium.TimeoutException">
            <message>
              <![CDATA[Expected condition failed: waiting for visibility of Proxy element for: DefaultElementLocator 'By.xpath: //div[contains(text(), 'Please enter a valid email address')]' (tried for 10 second(s) with 500 milliseconds interval)]]>
            </message>
            <full-stacktrace>
              <![CDATA[org.openqa.selenium.TimeoutException: Expected condition failed: waiting for visibility of Proxy element for: DefaultElementLocator 'By.xpath: //div[contains(text(), 'Please enter a valid email address')]' (tried for 10 second(s) with 500 milliseconds interval)
at org.openqa.selenium.support.ui.WebDriverWait.timeoutException(WebDriverWait.java:138)
at org.openqa.selenium.support.ui.FluentWait.until(FluentWait.java:231)
at PageObjects.BasePage.WaitElementDosplayed(BasePage.java:102)
at PageObjects.SignUpPage.InvalidEmailP(SignUpPage.java:151)
at TestsObjects.SignUpTest.FillEmailWitoutShtudel(SignUpTest.java:46)
at java.base/jdk.internal.reflect.NativeMethodAccessorImpl.invoke0(Native Method)
at java.base/jdk.internal.reflect.NativeMethodAccessorImpl.invoke(NativeMethodAccessorImpl.java:64)
at java.base/jdk.internal.reflect.DelegatingMethodAccessorImpl.invoke(DelegatingMethodAccessorImpl.java:43)
at java.base/java.lang.reflect.Method.invoke(Method.java:564)
at org.testng.internal.MethodInvocationHelper.invokeMethod(MethodInvocationHelper.java:132)
at org.testng.internal.TestInvoker.invokeMethod(TestInvoker.java:599)
at org.testng.internal.TestInvoker.invokeTestMethod(TestInvoker.java:174)
at org.testng.internal.MethodRunner.runInSequence(MethodRunner.java:46)
at org.testng.internal.TestInvoker$MethodInvocationAgent.invoke(TestInvoker.java:822)
at org.testng.internal.TestInvoker.invokeTestMethods(TestInvoker.java:147)
at org.testng.internal.TestMethodWorker.invokeTestMethods(TestMethodWorker.java:146)
at org.testng.internal.TestMethodWorker.run(TestMethodWorker.java:128)
at java.base/java.util.concurrent.ThreadPoolExecutor.runWorker(ThreadPoolExecutor.java:1130)
at java.base/java.util.concurrent.ThreadPoolExecutor$Worker.run(ThreadPoolExecutor.java:630)
at java.base/java.lang.Thread.run(Thread.java:832)
Caused by: org.openqa.selenium.NoSuchElementException: no such element: Unable to locate element: {"method":"xpath","selector":"//div[contains(text(), 'Please enter a valid email address')]"}
  (Session info: chrome=90.0.4430.93)
For documentation on this error, please visit: https://selenium.dev/exceptions/#no_such_element
Build info: version: '4.0.0-beta-2', revision: '4ec0cfc112'
System info: host: 'yinons-MacBook-Pro-2.local', ip: 'fe80:0:0:0:c55:63d4:a20a:64d4%en0', os.name: 'Mac OS X', os.arch: 'x86_64', os.version: '11.2.3', java.version: '15.0.2'
Driver info: org.openqa.selenium.chrome.ChromeDriver
Command: [a3b2c5d09d7e5ea335c48b746117c969, findElement {using=xpath, value=//div[contains(text(), 'Please enter a valid email address')]}]
Capabilities {acceptInsecureCerts: false, browserName: chrome, browserVersion: 90.0.4430.93, chrome: {chromedriverVersion: 90.0.4430.24 (4c6d850f087da..., userDataDir: /var/folders/xz/jk5hy2jd3sb...}, goog:chromeOptions: {debuggerAddress: localhost:60408}, javascriptEnabled: true, networkConnectionEnabled: false, pageLoadStrategy: normal, platform: MAC, platformName: MAC, proxy: Proxy(), setWindowRect: true, strictFileInteractability: false, timeouts: {implicit: 0, pageLoad: 300000, script: 30000}, unhandledPromptBehavior: dismiss and notify, webauthn:extension:largeBlob: true, webauthn:virtualAuthenticators: true}
Session ID: a3b2c5d09d7e5ea335c48b746117c969
at jdk.internal.reflect.GeneratedConstructorAccessor22.newInstance(Unknown Source)
at java.base/jdk.internal.reflect.DelegatingConstructorAccessorImpl.newInstance(DelegatingConstructorAccessorImpl.java:45)
at java.base/java.lang.reflect.Constructor.newInstanceWithCaller(Constructor.java:500)
at java.base/java.lang.reflect.Constructor.newInstance(Constructor.java:481)
at org.openqa.selenium.remote.codec.w3c.W3CHttpResponseCodec.createException(W3CHttpResponseCodec.java:195)
at org.openqa.selenium.remote.codec.w3c.W3CHttpResponseCodec.decode(W3CHttpResponseCodec.java:128)
at org.openqa.selenium.remote.codec.w3c.W3CHttpResponseCodec.decode(W3CHttpResponseCodec.java:52)
at org.openqa.selenium.remote.HttpCommandExecutor.execute(HttpCommandExecutor.java:187)
at org.openqa.selenium.remote.service.DriverCommandExecutor.invokeExecute(DriverCommandExecutor.java:153)
at org.openqa.selenium.remote.service.DriverCommandExecutor.execute(DriverCommandExecutor.java:128)
at org.openqa.selenium.remote.RemoteWebDriver.execute(RemoteWebDriver.java:620)
at org.openqa.selenium.remote.RemoteWebDriver$Mechanism$2.findElement(RemoteWebDriver.java:1259)
at org.openqa.selenium.remote.RemoteWebDriver.findElement(RemoteWebDriver.java:388)
at org.openqa.selenium.remote.RemoteWebDriver.findElement(RemoteWebDriver.java:382)
at org.openqa.selenium.support.pagefactory.DefaultElementLocator.findElement(DefaultElementLocator.java:70)
at org.openqa.selenium.support.pagefactory.internal.LocatingElementHandler.invoke(LocatingElementHandler.java:39)
at com.sun.proxy.$Proxy27.isDisplayed(Unknown Source)
at org.openqa.selenium.support.ui.ExpectedConditions.elementIfVisible(ExpectedConditions.java:307)
at org.openqa.selenium.support.ui.ExpectedConditions.access$000(ExpectedConditions.java:40)
at org.openqa.selenium.support.ui.ExpectedConditions$10.apply(ExpectedConditions.java:293)
at org.openqa.selenium.support.ui.ExpectedConditions$10.apply(ExpectedConditions.java:290)
at org.openqa.selenium.support.ui.FluentWait.until(FluentWait.java:208)
... 18 more
]]>
            </full-stacktrace>
          </exception> <!-- org.openqa.selenium.TimeoutException -->
          <reporter-output>
          </reporter-output>
        </test-method> <!-- FillEmailWitoutShtudel -->
        <test-method signature="FillEmailWithoutDotCom()[pri:3, instance:TestsObjects.SignUpTest@acf859d]" started-at="2021-05-03T14:57:17 IDT" name="FillEmailWithoutDotCom" finished-at="2021-05-03T14:57:24 IDT" duration-ms="6805" status="PASS">
          <reporter-output>
          </reporter-output>
        </test-method> <!-- FillEmailWithoutDotCom -->
        <test-method signature="FillPsswordWithLessthan6Characters()[pri:4, instance:TestsObjects.SignUpTest@acf859d]" started-at="2021-05-03T14:57:24 IDT" name="FillPsswordWithLessthan6Characters" finished-at="2021-05-03T14:57:25 IDT" duration-ms="1286" status="PASS">
          <reporter-output>
          </reporter-output>
        </test-method> <!-- FillPsswordWithLessthan6Characters -->
        <test-method signature="FillMailWithSpecialCarecters()[pri:5, instance:TestsObjects.SignUpTest@acf859d]" started-at="2021-05-03T14:57:25 IDT" name="FillMailWithSpecialCarecters" finished-at="2021-05-03T14:57:26 IDT" duration-ms="1329" status="PASS">
          <reporter-output>
          </reporter-output>
        </test-method> <!-- FillMailWithSpecialCarecters -->
        <test-method signature="FillMailWithHebrewCarecters()[pri:6, instance:TestsObjects.SignUpTest@acf859d]" started-at="2021-05-03T14:57:26 IDT" name="FillMailWithHebrewCarecters" finished-at="2021-05-03T14:57:28 IDT" duration-ms="1787" status="PASS">
          <reporter-output>
          </reporter-output>
        </test-method> <!-- FillMailWithHebrewCarecters -->
        <test-method signature="FillNameWithSpecialCarecters()[pri:7, instance:TestsObjects.SignUpTest@acf859d]" started-at="2021-05-03T14:57:28 IDT" name="FillNameWithSpecialCarecters" finished-at="2021-05-03T14:57:29 IDT" duration-ms="1246" status="PASS">
          <reporter-output>
          </reporter-output>
        </test-method> <!-- FillNameWithSpecialCarecters -->
        <test-method signature="FillNameWithHebrewCarecters()[pri:8, instance:TestsObjects.SignUpTest@acf859d]" started-at="2021-05-03T14:57:29 IDT" name="FillNameWithHebrewCarecters" finished-at="2021-05-03T14:57:31 IDT" duration-ms="2004" status="PASS">
          <reporter-output>
          </reporter-output>
        </test-method> <!-- FillNameWithHebrewCarecters -->
        <test-method signature="FillNameWithOutLastName()[pri:9, instance:TestsObjects.SignUpTest@acf859d]" started-at="2021-05-03T14:57:31 IDT" name="FillNameWithOutLastName" finished-at="2021-05-03T14:57:33 IDT" duration-ms="1320" status="PASS">
          <reporter-output>
          </reporter-output>
        </test-method> <!-- FillNameWithOutLastName -->
        <test-method signature="DoSignUp()[pri:10, instance:TestsObjects.SignUpTest@acf859d]" started-at="2021-05-03T14:57:33 IDT" name="DoSignUp" finished-at="2021-05-03T14:57:36 IDT" duration-ms="3519" status="PASS">
          <reporter-output>
          </reporter-output>
        </test-method> <!-- DoSignUp -->
        <test-method signature="CreateUser()[pri:11, instance:TestsObjects.SignUpTest@acf859d]" started-at="2021-05-03T14:57:36 IDT" name="CreateUser" finished-at="2021-05-03T14:57:41 IDT" duration-ms="4770" status="PASS">
          <reporter-output>
          </reporter-output>
        </test-method> <!-- CreateUser -->
        <test-method is-config="true" signature="close()[pri:0, instance:TestsObjects.SignUpTest@acf859d]" started-at="2021-05-03T14:57:41 IDT" name="close" finished-at="2021-05-03T14:57:41 IDT" duration-ms="182" status="PASS">
          <reporter-output>
          </reporter-output>
        </test-method> <!-- close -->
      </class> <!-- TestsObjects.SignUpTest -->
    </test> <!-- Test -->
  </suite> <!-- Suite -->
</testng-results>
