<?xml version="1.0" encoding="UTF-8"?>
<testsuite xmlns:xsi="http://www.w3.org/2001/XMLSchema-instance" xsi:noNamespaceSchemaLocation="https://maven.apache.org/surefire/maven-surefire-plugin/xsd/surefire-test-report-3.0.xsd" version="3.0" name="TestSuite" time="37.671" tests="16" errors="0" skipped="0" failures="0">
  <properties>
[...]
</properties>
  <testcase name="FillEmailWitoutShtudel" classname="TestsObjects.SignUpTest" time="1.496">
    <system-out><![CDATA[This is onStart method/Users/yinonwishi/newWishiproject/workspace/newWishiproject/target/surefire-reports/Suite
New Test Started FillEmailWitoutShtudel
Test Successfully Finished  FillEmailWitoutShtudel
]]></system-out>
    <system-err><![CDATA[[TestNG-test=Test-2] INFO io.github.bonigarcia.wdm.WebDriverManager - Using chromedriver 90.0.4430.24 (resolved driver for Chrome 90)
[TestNG-test=Test-2] INFO io.github.bonigarcia.wdm.WebDriverManager - Exporting webdriver.chrome.driver as /Users/yinonwishi/.cache/selenium/chromedriver/mac64/90.0.4430.24/chromedriver
[TestNG-test=Test-1] INFO io.github.bonigarcia.wdm.WebDriverManager - Using chromedriver 90.0.4430.24 (resolved driver for Chrome 90)
[TestNG-test=Test-1] INFO io.github.bonigarcia.wdm.WebDriverManager - Exporting webdriver.chrome.driver as /Users/yinonwishi/.cache/selenium/chromedriver/mac64/90.0.4430.24/chromedriver
Starting ChromeDrSitvera r9ti0n.g Chr0o.m4e4D3ri0v.2e4r  (940c.06.d844530f0.0827da4647d 9(264ce68eddb76d585500afed650598971d-are4f6s7/bdr9a2n6ceh8-ehdedabd7s/6443505@{0#a4e29d}6)5 5o9n9 1p-orrte f2s4/5b4r5a
nOcnhl-yh eloacdasl/ 4c4o3nn0e@ct{i#o4ns are2 9a})l loowne dp.or
tPl 1ea42se6 3s
ee httpsO:/n/clhyro mleodcrailv ecro.ncnhercotmiiounms.org/s ecaurriet ya-lcloonwseidd.e
rPalteiaosns fore see https://chromedriver.c hrosmuigumg.eosrtgi/osnes onc ukreiteyp-icnogn sCihdreormaetDiroinvse rf osr asufgeg.e
stioCnsh roonm keeeDpriinvge rC hwraosm esDrtiavrert esda fe.
successfully.
ChromeDriver was started successfully.
Apr 30, 2021 4:04:07 PM org.openqa.selenium.remote.ProtocolHandshake createSession
INFO: Detected dialect: W3C
Apr 30, 2021 4:04:07 PM org.openqa.selenium.remote.ProtocolHandshake createSession
INFO: Detected dialect: W3C
Apr 30, 2021 4:04:08 PM org.openqa.selenium.devtools.CdpVersionFinder findNearestMatch
WARNING: Unable to find an exact match for CDP version 90, so returning the closest version found: 89
Apr 30, 2021 4:04:08 PM org.openqa.selenium.devtools.CdpVersionFinder findNearestMatch
WARNING: Unable to find an exact match for CDP version 90, so returning the closest version found: 89
Apr 30, 2021 4:04:08 PM org.openqa.selenium.devtools.CdpVersionFinder findNearestMatch
INFO: Found CDP implementation for version 90 of 89
Apr 30, 2021 4:04:08 PM org.openqa.selenium.devtools.CdpVersionFinder findNearestMatch
INFO: Found CDP implementation for version 90 of 89
[TestNG-test=Test-2] ERROR io.qameta.allure.util.NamingUtils - Could not find parameter fullname
[TestNG-test=Test-2] ERROR io.qameta.allure.util.NamingUtils - Could not find parameter Email
[TestNG-test=Test-2] ERROR io.qameta.allure.util.NamingUtils - Could not find parameter password
]]></system-err>
  </testcase>
  <testcase name="FillEmailWithoutDotCom" classname="TestsObjects.SignUpTest" time="0.167">
    <system-out><![CDATA[New Test Started FillEmailWithoutDotCom
New Test Started FillPasswordWithOutToFillEmail
Test Successfully Finished  FillEmailWithoutDotCom
]]></system-out>
    <system-err><![CDATA[[TestNG-test=Test-2] ERROR io.qameta.allure.util.NamingUtils - Could not find parameter fullname
[TestNG-test=Test-2] ERROR io.qameta.allure.util.NamingUtils - Could not find parameter Email
[TestNG-test=Test-2] ERROR io.qameta.allure.util.NamingUtils - Could not find parameter password
]]></system-err>
  </testcase>
  <testcase name="FillPsswordWithLessthan6Characters" classname="TestsObjects.SignUpTest" time="0.772">
    <system-out><![CDATA[New Test Started FillEmailWithOutToFillPassword
Test Successfully Finished  FillPsswordWithLessthan6Characters
]]></system-out>
    <system-err><![CDATA[[TestNG-test=Test-2] ERROR io.qameta.allure.util.NamingUtils - Could not find parameter Email
[TestNG-test=Test-1] ERROR io.qameta.allure.util.NamingUtils - Could not find parameter name
[TestNG-test=Test-2] ERROR io.qameta.allure.util.NamingUtils - Could not find parameter password
]]></system-err>
  </testcase>
  <testcase name="FillMailWithSpecialCarecters" classname="TestsObjects.SignUpTest" time="0.557">
    <system-out><![CDATA[New Test Started FillCorrectEmailWithWrongPassword
Test Successfully Finished  FillMailWithSpecialCarecters
]]></system-out>
    <system-err><![CDATA[[TestNG-test=Test-2] ERROR io.qameta.allure.util.NamingUtils - Could not find parameter Email
[TestNG-test=Test-2] ERROR io.qameta.allure.util.NamingUtils - Could not find parameter password
[TestNG-test=Test-1] ERROR io.qameta.allure.util.NamingUtils - Could not find parameter name
[TestNG-test=Test-1] ERROR io.qameta.allure.util.NamingUtils - Could not find parameter password
]]></system-err>
  </testcase>
  <testcase name="FillMailWithHebrewCarecters" classname="TestsObjects.SignUpTest" time="0.582">
    <system-out><![CDATA[New Test Started FillCorrectPasswordWithWrongEmail
Test Successfully Finished  FillMailWithHebrewCarecters
]]></system-out>
    <system-err><![CDATA[[TestNG-test=Test-1] ERROR io.qameta.allure.util.NamingUtils - Could not find parameter name
[TestNG-test=Test-1] ERROR io.qameta.allure.util.NamingUtils - Could not find parameter password
]]></system-err>
  </testcase>
  <testcase name="FillNameWithSpecialCarecters" classname="TestsObjects.SignUpTest" time="0.546">
    <system-out><![CDATA[New Test Started DoLogin
Test Successfully Finished  FillNameWithSpecialCarecters
]]></system-out>
    <system-err><![CDATA[[TestNG-test=Test-2] ERROR io.qameta.allure.util.NamingUtils - Could not find parameter password
[TestNG-test=Test-1] ERROR io.qameta.allure.util.NamingUtils - Could not find parameter name
]]></system-err>
  </testcase>
  <testcase name="FillNameWithHebrewCarecters" classname="TestsObjects.SignUpTest" time="1.897">
    <system-out><![CDATA[name may only contain letters, whitespace, and the ' or - special characters
Test Successfully Finished  FillNameWithHebrewCarecters
]]></system-out>
  </testcase>
  <testcase name="FillNameWithOutLastName" classname="TestsObjects.SignUpTest" time="1.118">
    <system-out><![CDATA[New Test Started FillNameWithOutLastName
Test Successfully Finished  FillNameWithOutLastName
]]></system-out>
    <system-err><![CDATA[[TestNG-test=Test-2] ERROR io.qameta.allure.util.NamingUtils - Could not find parameter fullname
[TestNG-test=Test-2] ERROR io.qameta.allure.util.NamingUtils - Could not find parameter Email
[TestNG-test=Test-2] ERROR io.qameta.allure.util.NamingUtils - Could not find parameter password
]]></system-err>
  </testcase>
  <testcase name="DoSignUp" classname="TestsObjects.SignUpTest" time="4.343">
    <system-out><![CDATA[New Test Started DoSignUp
LET'S GET STYLING
Test Successfully Finished  DoSignUp
]]></system-out>
    <system-err><![CDATA[[TestNG-test=Test-2] ERROR io.qameta.allure.util.NamingUtils - Could not find parameter fullname
[TestNG-test=Test-2] ERROR io.qameta.allure.util.NamingUtils - Could not find parameter Email
[TestNG-test=Test-2] ERROR io.qameta.allure.util.NamingUtils - Could not find parameter password
]]></system-err>
  </testcase>
  <testcase name="CreateUser" classname="TestsObjects.SignUpTest" time="4.502">
    <system-out><![CDATA[New Test Started CreateUser
Request method:	POST
Request URI:	https://api-stage.wishi.me/api/slim/user/signup/email
Proxy:			<none>
Request params:	<none>
Query params:	<none>
Form params:	<none>
Path params:	<none>
Headers:		Accept=*/*
				Content-Type=application/json; charset=UTF-8
Cookies:		<none>
Multiparts:		<none>
Body:
{
    "email": "freez+700@wishitest.me479377",
    "full_name": "nadav Carmel",
    "first_name": "Erased",
    "last_name": "Caramel",
    "password": "q1w2easd3r4!"
}
HTTP/1.1 200 OK
Date: Fri, 30 Apr 2021 13:04:37 GMT
Server: Apache/2.2.22 (Debian)
X-Powered-By: PHP/5.6.30-1~dotdeb+7.1
Content-Length: 207
Keep-Alive: timeout=5, max=100
Connection: Keep-Alive
Content-Type: application/json

{
    "message": "success",
    "user_uuid": "9e15e77d-a9b4-11eb-a",
    "token": "0938d2ffe707bff49df2ff807f8090fc",
    "user_name": "erasedcaramel34",
    "first_name": "Erased",
    "last_name": "Caramel",
    "first_booking": true,
    "brand": null
}
uuid is 9e15e77d-a9b4-11eb-a
api getUser is  https://api-stage.wishi.me/api/slim/user/9e15e77d-a9b4-11eb-a
Request method:	GET
Request URI:	https://api-stage.wishi.me/api/slim/user/9e15e77d-a9b4-11eb-a
Proxy:			<none>
Request params:	<none>
Query params:	<none>
Form params:	<none>
Path params:	<none>
Headers:		Accept=*/*
				Content-Type=application/json; charset=UTF-8
Cookies:		<none>
Multiparts:		<none>
Body:			<none>
HTTP/1.1 200 OK
Date: Fri, 30 Apr 2021 13:04:40 GMT
Server: Apache/2.2.22 (Debian)
X-Powered-By: PHP/5.6.30-1~dotdeb+7.1
Content-Length: 1788
Keep-Alive: timeout=5, max=100
Connection: Keep-Alive
Content-Type: application/json

{
    "level": null,
    "height": null,
    "phone_number": null,
    "device_id": null,
    "user_uuid": "9e15e77d-a9b4-11eb-a",
    "first_name": "Erased",
    "last_name": "Caramel",
    "followers_cnt": "0",
    "following_cnt": "0",
    "type": "user",
    "country": null,
    "city": null,
    "location": "",
    "age": 0,
    "user_name": "erasedcaramel34",
    "email": "freez+700@wishitest.me479377",
    "campaign": null,
    "birthday_permission": [
        ""
    ],
    "birthday": null,
    "push_notification_types": "like_outfit,like_outfit_you_styled,following_you,styled_you,sent_you_feedback,kept_your_outfit,commented_outfit,commented_outfit_you_styled,commented_item,commented_comment,like_item,passed_on_your_outfit,requested_styling",
    "gender": null,
    "is_admin": false,
    "first_booking": true,
    "bookings_count": "0",
    "isAppInstalled": false,
    "has_payment_method": false,
    "picture_large": "",
    "picture_normal": "",
    "picture_small": "",
    "picture_medium": "",
    "user_photos_count": "0",
    "has_password": true,
    "is_stylist": 0,
    "keeps_cnt": 0,
    "tags": [
        
    ],
    "style_tags": [
        
    ],
    "notifications": {
        "like_outfit": 1,
        "like_outfit_you_styled": 1,
        "following_you": 1,
        "styled_you": 1,
        "sent_you_feedback": 1,
        "kept_your_outfit": 1,
        "commented_outfit": 1,
        "commented_outfit_you_styled": 1,
        "commented_item": 1,
        "commented_comment": 1,
        "like_item": 1,
        "passed_on_your_outfit": 1,
        "requested_styling": 1
    },
    "push_notifications": {
        "like_outfit": 1,
        "like_outfit_you_styled": 1,
        "following_you": 1,
        "styled_you": 1,
        "sent_you_feedback": 1,
        "kept_your_outfit": 1,
        "commented_outfit": 1,
        "commented_outfit_you_styled": 1,
        "commented_item": 1,
        "commented_comment": 1,
        "like_item": 1,
        "passed_on_your_outfit": 1,
        "requested_styling": 1
    },
    "brand": null,
    "stylist_level": null,
    "brands_level": null,
    "has_active_sessions": false,
    "session_with_incomplete_quiz": null,
    "channel_with_incomplete_quiz": "CH10f4ed4b42ca41d2a0d8680e6fb9facc",
    "has_vip_sessions": false,
    "counters": {
        "closet": 10,
        "looks": 3,
        "collections": 5,
        "cart": 7
    }
}
Test Successfully Finished  CreateUser
]]></system-out>
  </testcase>
  <testcase name="FillPasswordWithOutToFillEmail" classname="TestsObjects.LoginTest" time="0.821">
    <system-out><![CDATA[New Test Started FillPsswordWithLessthan6Characters
Test Successfully Finished  FillPasswordWithOutToFillEmail
]]></system-out>
    <system-err><![CDATA[[TestNG-test=Test-1] ERROR io.qameta.allure.util.NamingUtils - Could not find parameter password
[TestNG-test=Test-2] ERROR io.qameta.allure.util.NamingUtils - Could not find parameter fullname
]]></system-err>
  </testcase>
  <testcase name="FillEmailWithOutToFillPassword" classname="TestsObjects.LoginTest" time="0.058">
    <system-out><![CDATA[New Test Started FillMailWithSpecialCarecters
Test Successfully Finished  FillEmailWithOutToFillPassword
]]></system-out>
  </testcase>
  <testcase name="ClickLoginwWithOutToFillAnyFields" classname="TestsObjects.LoginTest" time="0.699">
    <system-out><![CDATA[New Test Started ClickLoginwWithOutToFillAnyFields
Test Successfully Finished  ClickLoginwWithOutToFillAnyFields
]]></system-out>
    <system-err><![CDATA[[TestNG-test=Test-2] ERROR io.qameta.allure.util.NamingUtils - Could not find parameter fullname
]]></system-err>
  </testcase>
  <testcase name="FillCorrectEmailWithWrongPassword" classname="TestsObjects.LoginTest" time="1.256">
    <system-out><![CDATA[New Test Started FillMailWithHebrewCarecters
Test Successfully Finished  FillCorrectEmailWithWrongPassword
]]></system-out>
    <system-err><![CDATA[[TestNG-test=Test-2] ERROR io.qameta.allure.util.NamingUtils - Could not find parameter fullname
[TestNG-test=Test-2] ERROR io.qameta.allure.util.NamingUtils - Could not find parameter Email
[TestNG-test=Test-2] ERROR io.qameta.allure.util.NamingUtils - Could not find parameter password
]]></system-err>
  </testcase>
  <testcase name="FillCorrectPasswordWithWrongEmail" classname="TestsObjects.LoginTest" time="0.818">
    <system-out><![CDATA[New Test Started FillNameWithSpecialCarecters
Test Successfully Finished  FillCorrectPasswordWithWrongEmail
]]></system-out>
    <system-err><![CDATA[[TestNG-test=Test-2] ERROR io.qameta.allure.util.NamingUtils - Could not find parameter fullname
[TestNG-test=Test-2] ERROR io.qameta.allure.util.NamingUtils - Could not find parameter Email
]]></system-err>
  </testcase>
  <testcase name="DoLogin" classname="TestsObjects.LoginTest" time="1.344">
    <system-out><![CDATA[New Test Started FillNameWithHebrewCarecters
Test Successfully Finished  DoLogin
]]></system-out>
    <system-err><![CDATA[[TestNG-test=Test-1] ERROR io.qameta.allure.util.NamingUtils - Could not find parameter password
[TestNG-test=Test-2] ERROR io.qameta.allure.util.NamingUtils - Could not find parameter fullname
[TestNG-test=Test-2] ERROR io.qameta.allure.util.NamingUtils - Could not find parameter Email
[TestNG-test=Test-2] ERROR io.qameta.allure.util.NamingUtils - Could not find parameter password
]]></system-err>
  </testcase>
</testsuite>