<?xml version="1.0" encoding="UTF-8"?>
<testsuite xmlns:xsi="http://www.w3.org/2001/XMLSchema-instance" xsi:noNamespaceSchemaLocation="https://maven.apache.org/surefire/maven-surefire-plugin/xsd/surefire-test-report-3.0.xsd" version="3.0" name="TestSuite" time="56.405" tests="29" errors="0" skipped="0" failures="1">
  <properties>
[...]
</properties>
  <testcase name="FillPasswordWithOutToFillEmail" classname="TestsObjects.LoginTest" time="3.851">
    <system-out><![CDATA[This is onStart method/Users/yinonwishi/newWishiproject/target/surefire-reports/Suite
New Test Started FillEmailWitoutShtudel
New Test Started FillPasswordWithOutToFillEmail
New Test Started DoSignUp
New Test Started DoSignUp
New Test Started DoSignUp
Test Successfully Finished  FillPasswordWithOutToFillEmail
]]></system-out>
    <system-err><![CDATA[[TestNG-test=Test-3] INFO io.github.bonigarcia.wdm.WebDriverManager - Using chromedriver 91.0.4472.101 (resolved driver for Chrome 91)
[TestNG-test=Test-3] INFO io.github.bonigarcia.wdm.WebDriverManager - Exporting webdriver.chrome.driver as /Users/yinonwishi/.cache/selenium/chromedriver/mac64/91.0.4472.101/chromedriver
[TestNG-test=Test-2] INFO io.github.bonigarcia.wdm.WebDriverManager - Using chromedriver 91.0.4472.101 (resolved driver for Chrome 91)
[TestNG-test=Test-2] INFO io.github.bonigarcia.wdm.WebDriverManager - Exporting webdriver.chrome.driver as /Users/yinonwishi/.cache/selenium/chromedriver/mac64/91.0.4472.101/chromedriver
[TestNG-test=Test-4] INFO io.github.bonigarcia.wdm.WebDriverManager - Using chromedriver 91.0.4472.101 (resolved driver for Chrome 91)
[TestNG-test=Test-4] INFO io.github.bonigarcia.wdm.WebDriverManager - Exporting webdriver.chrome.driver as /Users/yinonwishi/.cache/selenium/chromedriver/mac64/91.0.4472.101/chromedriver
[TestNG-test=Test-1] INFO io.github.bonigarcia.wdm.WebDriverManager - Using chromedriver 91.0.4472.101 (resolved driver for Chrome 91)
[TestNG-test=Test-1] INFO io.github.bonigarcia.wdm.WebDriverManager - Exporting webdriver.chrome.driver as /Users/yinonwishi/.cache/selenium/chromedriver/mac64/91.0.4472.101/chromedriver
[TestNG-test=Test-5] INFO io.github.bonigarcia.wdm.WebDriverManager - Using chromedriver 91.0.4472.101 (resolved driver for Chrome 91)
[TestNG-test=Test-5] INFO io.github.bonigarcia.wdm.WebDriverManager - Exporting webdriver.chrome.driver as /Users/yinonwishi/.cache/selenium/chromedriver/mac64/91.0.4472.101/chromedriver
StarStitSnatgra trCihtnrigon mg eCDhrrCoimveehrD rr9oSi1tv.aerr0t .mi49n4e1g7.D 20Cr..hi41rv40oe7m1r2e  .(D91ar1f0i.51v0 2e.(ra4a9 0f49751b22.f.a801.970400143b 7f0(2d8a.fd715010253a1209 3d0(4dbaf18f865572203a49a80361ba0cf1dd8c37dda0133e5a022ed32d4518c5652ac35154cdd8d7673a66ac1cec929db5b3-c-arer5ee2fdf5s7cs/branch-heads/4472@{5d#716c496b/-6recb2f9rsba/}-nbr)cr ehao-fnhnsce /hapb-dohrsr/eat4a 4d17sn22/6@44{c47#h7
1-2O4h@n6{el2}y#) 1l ooanc4d ap6lo 2scr}/otn4 n14e47c32t)6@i 4{oo
#Onn1s 4p 6a2nro}elr) yt  ao lln3ol 0cop8waoreltd  c.4
o06nP199ln
1ee
OacnOtsnleiyl oysn esle  o acrlhaetol t cpacslol:an/onl/w eeccchdt.ri
ooPmnlesed oaransirnveee e csrate.lielcoo hnwrhse da.r
ePt ltaeplasls:oe/w e/sdce.he
 rPholtmtepdsr:i/ve/eacrsh.ecr ohsrmeoeemd irhuitmvt.eporsr.g/:s/e/ccuhrriotmy-ecdornisviedre.rcahtrioonmsi ufmo.ro rsgu/gsgeecsutriiotnys- coonn skiedeeSpritantagir otCnihsrn ogm eCDhrrivoer safe.m
eDrivoerm 9i1u.m0..o4r4g7/2s.ec1u0r1i t(ya-fcons5i2dcahe9rr0aobmtfii8uo7nm0s.3o 0rfdogdr1/ 5ss2eu3cg4ug8re6isatt1yico-dnc3soa neos25ind ekeeping ChromeDriver sfafe.o
r suggestions on keeping ChrormateiDroinvse rf osra fseug.g
estiCohnCrhso rmooenmD erDkireveievprei nrw ga ws stCaahsr rtosetmde aDrsrtuiecvdce esc5dsfC7u6rcl 9slbay-f.re
e.f
s/bCrharhnorcmohem-heDDeraridvsie/v4re4 rw7 2aws@sa {s#sut 1cas4rct6te2eas}drs )tfs euuodnlc lpcyeo .rs
stsu f4ucl1cl9e3ys.6s

fOnuly llolcayl. 
connections are allowed.
Please see https://chromedriver.chromium.org/security-considerations for suggestions on keeping ChromeDriver safe.
ChromeDriver was started successfully.
Jun 21, 2021 1:55:26 PM org.openqa.selenium.remote.ProtocolHandshake createSession
INFO: Detected dialect: W3C
Jun 21, 2021 1:55:26 PM org.openqa.selenium.remote.ProtocolHandshake createSession
INFO: Detected dialect: W3C
Jun 21, 2021 1:55:26 PM org.openqa.selenium.remote.ProtocolHandshake createSession
INFO: Detected dialect: W3C
Jun 21, 2021 1:55:26 PM org.openqa.selenium.remote.ProtocolHandshake createSession
INFO: Detected dialect: W3C
Jun 21, 2021 1:55:26 PM org.openqa.selenium.remote.ProtocolHandshake createSession
INFO: Detected dialect: W3C
Jun 21, 2021 1:55:26 PM org.openqa.selenium.devtools.CdpVersionFinder findNearestMatch
WARNING: Unable to find an exact match for CDP version 91, so returning the closest version found: 89
Jun 21, 2021 1:55:26 PM org.openqa.selenium.devtools.CdpVersionFinder findNearestMatch
INFO: Found CDP implementation for version 91 of 89
Jun 21, 2021 1:55:26 PM org.openqa.selenium.devtools.CdpVersionFinder findNearestMatch
WARNING: Unable to find an exact match for CDP version 91, so returning the closest version found: 89
Jun 21, 2021 1:55:26 PM org.openqa.selenium.devtools.CdpVersionFinder findNearestMatch
INFO: Found CDP implementation for version 91 of 89
Jun 21, 2021 1:55:26 PM org.openqa.selenium.devtools.CdpVersionFinder findNearestMatch
WARNING: Unable to find an exact match for CDP version 91, so returning the closest version found: 89
Jun 21, 2021 1:55:26 PM org.openqa.selenium.devtools.CdpVersionFinder findNearestMatch
WARNING: Unable to find an exact match for CDP version 91, so returning the closest version found: 89
Jun 21, 2021 1:55:26 PM org.openqa.selenium.devtools.CdpVersionFinder findNearestMatch
INFO: Found CDP implementation for version 91 of 89
Jun 21, 2021 1:55:26 PM org.openqa.selenium.devtools.CdpVersionFinder findNearestMatch
WARNING: Unable to find an exact match for CDP version 91, so returning the closest version found: 89
Jun 21, 2021 1:55:26 PM org.openqa.selenium.devtools.CdpVersionFinder findNearestMatch
INFO: Found CDP implementation for version 91 of 89
Jun 21, 2021 1:55:26 PM org.openqa.selenium.devtools.CdpVersionFinder findNearestMatch
INFO: Found CDP implementation for version 91 of 89
[TestNG-test=Test-4] ERROR io.qameta.allure.util.NamingUtils - Could not find parameter password
[TestNG-test=Test-2] ERROR io.qameta.allure.util.NamingUtils - Could not find parameter fullname
[TestNG-test=Test-3] ERROR io.qameta.allure.util.NamingUtils - Could not find parameter fullname
[TestNG-test=Test-5] ERROR io.qameta.allure.util.NamingUtils - Could not find parameter fullname
[TestNG-test=Test-1] ERROR io.qameta.allure.util.NamingUtils - Could not find parameter fullname
[TestNG-test=Test-2] ERROR io.qameta.allure.util.NamingUtils - Could not find parameter Email
[TestNG-test=Test-3] ERROR io.qameta.allure.util.NamingUtils - Could not find parameter Email
[TestNG-test=Test-5] ERROR io.qameta.allure.util.NamingUtils - Could not find parameter Email
]]></system-err>
  </testcase>
  <testcase name="FillEmailWithOutToFillPassword" classname="TestsObjects.LoginTest" time="1.988">
    <system-out><![CDATA[New Test Started FillEmailWithOutToFillPassword
Test Successfully Finished  FillEmailWithOutToFillPassword
]]></system-out>
    <system-err><![CDATA[[TestNG-test=Test-1] ERROR io.qameta.allure.util.NamingUtils - Could not find parameter Email
[TestNG-test=Test-2] ERROR io.qameta.allure.util.NamingUtils - Could not find parameter password
[TestNG-test=Test-3] ERROR io.qameta.allure.util.NamingUtils - Could not find parameter password
[TestNG-test=Test-4] ERROR io.qameta.allure.util.NamingUtils - Could not find parameter name
[TestNG-test=Test-5] ERROR io.qameta.allure.util.NamingUtils - Could not find parameter password
[TestNG-test=Test-1] ERROR io.qameta.allure.util.NamingUtils - Could not find parameter password
]]></system-err>
  </testcase>
  <testcase name="ClickLoginwWithOutToFillAnyFields" classname="TestsObjects.LoginTest" time="0.385">
    <system-out><![CDATA[New Test Started FillEmailWithoutDotCom
Test Successfully Finished  ClickLoginwWithOutToFillAnyFields
]]></system-out>
  </testcase>
  <testcase name="FillCorrectEmailWithWrongPassword" classname="TestsObjects.LoginTest" time="0.469">
    <system-out><![CDATA[New Test Started SelectFamale
Test Successfully Finished  FillCorrectEmailWithWrongPassword
]]></system-out>
  </testcase>
  <testcase name="FillCorrectPasswordWithWrongEmail" classname="TestsObjects.LoginTest" time="0.811">
    <system-out><![CDATA[New Test Started SelctStyle
petite
6
[[[ChromeDriver: chrome on MAC (78f9c190e384e03c9569fc3dd514ee90)] -> xpath: //*[label]], [[ChromeDriver: chrome on MAC (78f9c190e384e03c9569fc3dd514ee90)] -> xpath: //*[label]], [[ChromeDriver: chrome on MAC (78f9c190e384e03c9569fc3dd514ee90)] -> xpath: //*[label]], [[ChromeDriver: chrome on MAC (78f9c190e384e03c9569fc3dd514ee90)] -> xpath: //*[label]], [[ChromeDriver: chrome on MAC (78f9c190e384e03c9569fc3dd514ee90)] -> xpath: //*[label]], [[ChromeDriver: chrome on MAC (78f9c190e384e03c9569fc3dd514ee90)] -> xpath: //*[label]]]
Test Successfully Finished  FillCorrectPasswordWithWrongEmail
]]></system-out>
  </testcase>
  <testcase name="FillHebLettersEmail" classname="TestsObjects.LoginTest" time="0.065">
    <system-out><![CDATA[New Test Started FillMailWithSpecialCarecters
Test Successfully Finished  FillHebLettersEmail
]]></system-out>
  </testcase>
  <testcase name="DoLogin" classname="TestsObjects.LoginTest" time="1.701">
    <system-out><![CDATA[New Test Started SelectBrands
Test Successfully Finished  DoLogin
]]></system-out>
    <system-err><![CDATA[[TestNG-test=Test-5] ERROR io.qameta.allure.util.NamingUtils - Could not find parameter Email
[TestNG-test=Test-5] ERROR io.qameta.allure.util.NamingUtils - Could not find parameter password
]]></system-err>
  </testcase>
  <testcase name="FillEmailWitoutShtudel" classname="TestsObjects.SignUpTest" time="0.582">
    <system-out><![CDATA[New Test Started ClickLoginwWithOutToFillAnyFields
Test Successfully Finished  FillEmailWitoutShtudel
]]></system-out>
  </testcase>
  <testcase name="FillEmailWithoutDotCom" classname="TestsObjects.SignUpTest" time="0.072">
    <system-out><![CDATA[New Test Started SelectBodytype
Test Successfully Finished  FillEmailWithoutDotCom
]]></system-out>
  </testcase>
  <testcase name="FillPsswordWithLessthan6Characters" classname="TestsObjects.SignUpTest" time="0.194">
    <system-out><![CDATA[New Test Started SelctStyle
tall
Test Successfully Finished  FillPsswordWithLessthan6Characters
6
]]></system-out>
  </testcase>
  <testcase name="FillMailWithSpecialCarecters" classname="TestsObjects.SignUpTest" time="1.935">
    <system-out><![CDATA[Test Successfully Finished  FillMailWithSpecialCarecters
]]></system-out>
  </testcase>
  <testcase name="FillMailWithHebrewCarecters" classname="TestsObjects.SignUpTest" time="0.207">
    <system-out><![CDATA[New Test Started SelectBrands
Test Failed  SelectBrands
Test Failed  SelectBrands
Test Successfully Finished  FillMailWithHebrewCarecters
]]></system-out>
  </testcase>
  <testcase name="FillNameWithSpecialCarecters" classname="TestsObjects.SignUpTest" time="1.425">
    <system-out><![CDATA[New Test Started SelectBrands
Test Successfully Finished  FillNameWithSpecialCarecters
]]></system-out>
    <system-err><![CDATA[[TestNG-test=Test-5] ERROR io.qameta.allure.util.NamingUtils - Could not find parameter Email
[TestNG-test=Test-5] ERROR io.qameta.allure.util.NamingUtils - Could not find parameter password
]]></system-err>
  </testcase>
  <testcase name="FillNameWithHebrewCarecters" classname="TestsObjects.SignUpTest" time="2.275">
    <system-out><![CDATA[New Test Started FillNameWithHebrewCarecters
Test Failed  SelectBrands
Test Failed  SelectBrands
name may only contain letters, whitespace, and the ' or - special characters
Test Successfully Finished  FillNameWithHebrewCarecters
]]></system-out>
    <system-err><![CDATA[Exception in thread "TestNG-test=Test-1" org.openqa.selenium.NoSuchSessionException: invalid session id
Build info: version: '4.0.0-beta-2', revision: '4ec0cfc112'
System info: host: 'yinons-MacBook-Pro-2.local', ip: 'fe80:0:0:0:143c:809:59a5:7856%en0', os.name: 'Mac OS X', os.arch: 'x86_64', os.version: '11.4', java.version: '15.0.2'
Driver info: org.openqa.selenium.chrome.ChromeDriver
Command: [3d85c4221c6f407136ad4913c270a776, screenshot {}]
Capabilities {acceptInsecureCerts: false, browserName: chrome, browserVersion: 91.0.4472.106, chrome: {chromedriverVersion: 91.0.4472.101 (af52a90bf870..., userDataDir: /var/folders/xz/jk5hy2jd3sb...}, goog:chromeOptions: {debuggerAddress: localhost:59881}, javascriptEnabled: true, networkConnectionEnabled: false, pageLoadStrategy: normal, platform: MAC, platformName: MAC, proxy: Proxy(), setWindowRect: true, strictFileInteractability: false, timeouts: {implicit: 0, pageLoad: 300000, script: 30000}, unhandledPromptBehavior: dismiss and notify, webauthn:extension:largeBlob: true, webauthn:virtualAuthenticators: true}
Session ID: 3d85c4221c6f407136ad4913c270a776
	at java.base/jdk.internal.reflect.NativeConstructorAccessorImpl.newInstance0(Native Method)
	at java.base/jdk.internal.reflect.NativeConstructorAccessorImpl.newInstance(NativeConstructorAccessorImpl.java:64)
	at java.base/jdk.internal.reflect.DelegatingConstructorAccessorImpl.newInstance(DelegatingConstructorAccessorImpl.java:45)
	at java.base/java.lang.reflect.Constructor.newInstanceWithCaller(Constructor.java:500)
	at java.base/java.lang.reflect.Constructor.newInstance(Constructor.java:481)
	at org.openqa.selenium.remote.codec.w3c.W3CHttpResponseCodec.createException(W3CHttpResponseCodec.java:195)
	at org.openqa.selenium.remote.codec.w3c.W3CHttpResponseCodec.decode(W3CHttpResponseCodec.java:128)
	at org.openqa.selenium.remote.codec.w3c.W3CHttpResponseCodec.decode(W3CHttpResponseCodec.java:52)
	at org.openqa.selenium.remote.HttpCommandExecutor.execute(HttpCommandExecutor.java:187)
	at org.openqa.selenium.remote.service.DriverCommandExecutor.invokeExecute(DriverCommandExecutor.java:153)
	at org.openqa.selenium.remote.service.DriverCommandExecutor.execute(DriverCommandExecutor.java:128)
	at org.openqa.selenium.remote.RemoteWebDriver.execute(RemoteWebDriver.java:620)
	at org.openqa.selenium.remote.RemoteWebDriver.execute(RemoteWebDriver.java:675)
	at org.openqa.selenium.remote.RemoteWebDriver.execute(RemoteWebDriver.java:679)
	at org.openqa.selenium.remote.RemoteWebDriver.getScreenshotAs(RemoteWebDriver.java:355)
	at utilitis.AllureAttachments$AllureAttachment.attachScreenshot(AllureAttachments.java:20)
	at utilitis.Listener.onTestFailure(Listener.java:36)
	at org.testng.internal.TestListenerHelper.runTestListeners(TestListenerHelper.java:96)
	at org.testng.internal.TestInvoker.runTestResultListener(TestInvoker.java:220)
	at org.testng.internal.TestInvoker$MethodInvocationAgent.invoke(TestInvoker.java:832)
	at org.testng.internal.TestInvoker.invokeTestMethods(TestInvoker.java:147)
	at org.testng.internal.TestMethodWorker.invokeTestMethods(TestMethodWorker.java:146)
	at org.testng.internal.TestMethodWorker.run(TestMethodWorker.java:128)
	at java.base/java.util.concurrent.ThreadPoolExecutor.runWorker(ThreadPoolExecutor.java:1130)
	at java.base/java.util.concurrent.ThreadPoolExecutor$Worker.run(ThreadPoolExecutor.java:630)
	at java.base/java.lang.Thread.run(Thread.java:832)
[TestNG-test=Test-5] ERROR io.qameta.allure.util.NamingUtils - Could not find parameter fullname
[TestNG-test=Test-5] ERROR io.qameta.allure.util.NamingUtils - Could not find parameter Email
[TestNG-test=Test-5] ERROR io.qameta.allure.util.NamingUtils - Could not find parameter password
]]></system-err>
  </testcase>
  <testcase name="FillNameWithOutLastName" classname="TestsObjects.SignUpTest" time="1.165">
    <system-out><![CDATA[New Test Started FillNameWithOutLastName
Test Successfully Finished  FillNameWithOutLastName
]]></system-out>
    <system-err><![CDATA[[TestNG-test=Test-5] ERROR io.qameta.allure.util.NamingUtils - Could not find parameter fullname
[TestNG-test=Test-5] ERROR io.qameta.allure.util.NamingUtils - Could not find parameter Email
[TestNG-test=Test-5] ERROR io.qameta.allure.util.NamingUtils - Could not find parameter password
]]></system-err>
  </testcase>
  <testcase name="DoSignUp" classname="TestsObjects.SignUpTest" time="3.133">
    <system-out><![CDATA[New Test Started DoSignUp
LET'S GET STYLING
Test Successfully Finished  DoSignUp
]]></system-out>
    <system-err><![CDATA[[TestNG-test=Test-5] ERROR io.qameta.allure.util.NamingUtils - Could not find parameter fullname
[TestNG-test=Test-5] ERROR io.qameta.allure.util.NamingUtils - Could not find parameter Email
[TestNG-test=Test-5] ERROR io.qameta.allure.util.NamingUtils - Could not find parameter password
]]></system-err>
  </testcase>
  <testcase name="CreateUser" classname="TestsObjects.SignUpTest" time="5.327">
    <system-out><![CDATA[New Test Started CreateUser
Request method:	POST
Request URI:	https://api-stage.wishi.me/api/slim/user/signup/email
Proxy:			<none>
Request params:	<none>
Query params:	<none>
Form params:	<none>
Path params:	<none>
Headers:		Accept=*/*
				Content-Type=application/json; charset=UTF-8
Cookies:		<none>
Multiparts:		<none>
Body:
{
    "email": "freez+700@wishitest.me282922",
    "full_name": "nadav Carmel",
    "first_name": "Erased",
    "last_name": "Caramel",
    "password": "q1w2easd3r4!"
}
HTTP/1.1 200 OK
Date: Mon, 21 Jun 2021 10:56:11 GMT
Server: Apache/2.2.22 (Debian)
X-Powered-By: PHP/5.6.30-1~dotdeb+7.1
Content-Length: 207
Keep-Alive: timeout=5, max=100
Connection: Keep-Alive
Content-Type: application/json

{
    "message": "success",
    "user_uuid": "4aa004c4-d27f-11eb-a",
    "token": "d0526c4237e7bba288ee2090a89c7720",
    "user_name": "erasedcaramel22",
    "first_name": "Erased",
    "last_name": "Caramel",
    "first_booking": true,
    "brand": null
}
uuid is 4aa004c4-d27f-11eb-a
api getUser is  https://api-stage.wishi.me/api/slim/user/4aa004c4-d27f-11eb-a
Request method:	GET
Request URI:	https://api-stage.wishi.me/api/slim/user/4aa004c4-d27f-11eb-a
Proxy:			<none>
Request params:	<none>
Query params:	<none>
Form params:	<none>
Path params:	<none>
Headers:		Accept=*/*
				Content-Type=application/json; charset=UTF-8
Cookies:		<none>
Multiparts:		<none>
Body:			<none>
HTTP/1.1 200 OK
Date: Mon, 21 Jun 2021 10:56:14 GMT
Server: Apache/2.2.22 (Debian)
X-Powered-By: PHP/5.6.30-1~dotdeb+7.1
Content-Length: 1756
Keep-Alive: timeout=5, max=100
Connection: Keep-Alive
Content-Type: application/json

{
    "level": null,
    "height": null,
    "phone_number": null,
    "device_id": null,
    "user_uuid": "4aa004c4-d27f-11eb-a",
    "first_name": "Erased",
    "last_name": "Caramel",
    "followers_cnt": "0",
    "following_cnt": "0",
    "type": "user",
    "country": null,
    "city": null,
    "location": "",
    "age": 0,
    "user_name": "erasedcaramel22",
    "email": "freez+700@wishitest.me282922",
    "campaign": null,
    "birthday_permission": [
        ""
    ],
    "birthday": null,
    "push_notification_types": "like_outfit,like_outfit_you_styled,following_you,styled_you,sent_you_feedback,kept_your_outfit,commented_outfit,commented_outfit_you_styled,commented_item,commented_comment,like_item,passed_on_your_outfit,requested_styling",
    "gender": null,
    "is_admin": false,
    "first_booking": true,
    "bookings_count": "0",
    "isAppInstalled": false,
    "has_payment_method": false,
    "picture_large": "",
    "picture_normal": "",
    "picture_small": "",
    "picture_medium": "",
    "user_photos_count": "0",
    "has_password": true,
    "is_stylist": 0,
    "keeps_cnt": 0,
    "tags": [
        
    ],
    "style_tags": [
        
    ],
    "notifications": {
        "like_outfit": 1,
        "like_outfit_you_styled": 1,
        "following_you": 1,
        "styled_you": 1,
        "sent_you_feedback": 1,
        "kept_your_outfit": 1,
        "commented_outfit": 1,
        "commented_outfit_you_styled": 1,
        "commented_item": 1,
        "commented_comment": 1,
        "like_item": 1,
        "passed_on_your_outfit": 1,
        "requested_styling": 1
    },
    "push_notifications": {
        "like_outfit": 1,
        "like_outfit_you_styled": 1,
        "following_you": 1,
        "styled_you": 1,
        "sent_you_feedback": 1,
        "kept_your_outfit": 1,
        "commented_outfit": 1,
        "commented_outfit_you_styled": 1,
        "commented_item": 1,
        "commented_comment": 1,
        "like_item": 1,
        "passed_on_your_outfit": 1,
        "requested_styling": 1
    },
    "brand": null,
    "stylist_level": null,
    "brands_level": null,
    "has_active_sessions": false,
    "session_with_incomplete_quiz": null,
    "channel_with_incomplete_quiz": null,
    "has_vip_sessions": false,
    "counters": {
        "closet": 10,
        "looks": 3,
        "collections": 5,
        "cart": 7
    }
}
Test Successfully Finished  CreateUser
]]></system-out>
  </testcase>
  <testcase name="DoSignUp" classname="TestsObjects.OnBoardingNaturalTest" time="1.33">
    <system-out><![CDATA[New Test Started FillCorrectEmailWithWrongPassword
LET'S GET STYLING
Test Successfully Finished  DoSignUp
]]></system-out>
    <system-err><![CDATA[[TestNG-test=Test-4] ERROR io.qameta.allure.util.NamingUtils - Could not find parameter name
[TestNG-test=Test-4] ERROR io.qameta.allure.util.NamingUtils - Could not find parameter password
[TestNG-test=Test-5] ERROR io.qameta.allure.util.NamingUtils - Could not find parameter fullname
[TestNG-test=Test-5] ERROR io.qameta.allure.util.NamingUtils - Could not find parameter Email
]]></system-err>
  </testcase>
  <testcase name="SelectFamale" classname="TestsObjects.OnBoardingNaturalTest" time="1.297">
    <system-out><![CDATA[New Test Started SelectFamale
Test Successfully Finished  SelectFamale
]]></system-out>
    <system-err><![CDATA[[TestNG-test=Test-4] ERROR io.qameta.allure.util.NamingUtils - Could not find parameter name
[TestNG-test=Test-4] ERROR io.qameta.allure.util.NamingUtils - Could not find parameter password
]]></system-err>
  </testcase>
  <testcase name="SelectBodytype" classname="TestsObjects.OnBoardingNaturalTest" time="1.586">
    <system-out><![CDATA[New Test Started SelectBodytype
tall
6
[[[ChromeDriver: chrome on MAC (78f9c190e384e03c9569fc3dd514ee90)] -> xpath: //*[label]], [[ChromeDriver: chrome on MAC (78f9c190e384e03c9569fc3dd514ee90)] -> xpath: //*[label]], [[ChromeDriver: chrome on MAC (78f9c190e384e03c9569fc3dd514ee90)] -> xpath: //*[label]], [[ChromeDriver: chrome on MAC (78f9c190e384e03c9569fc3dd514ee90)] -> xpath: //*[label]], [[ChromeDriver: chrome on MAC (78f9c190e384e03c9569fc3dd514ee90)] -> xpath: //*[label]], [[ChromeDriver: chrome on MAC (78f9c190e384e03c9569fc3dd514ee90)] -> xpath: //*[label]]]
petite
6
petite
6
[[[ChromeDriver: chrome on MAC (ffb3d737b2d25e436de1fadd3eb0e59b)] -> xpath: //*[label]], [[ChromeDriver: chrome on MAC (ffb3d737b2d25e436de1fadd3eb0e59b)] -> xpath: //*[label]], [[ChromeDriver: chrome on MAC (ffb3d737b2d25e436de1fadd3eb0e59b)] -> xpath: //*[label]], [[ChromeDriver: chrome on MAC (ffb3d737b2d25e436de1fadd3eb0e59b)] -> xpath: //*[label]], [[ChromeDriver: chrome on MAC (ffb3d737b2d25e436de1fadd3eb0e59b)] -> xpath: //*[label]], [[ChromeDriver: chrome on MAC (ffb3d737b2d25e436de1fadd3eb0e59b)] -> xpath: //*[label]]]
[[[ChromeDriver: chrome on MAC (78f9c190e384e03c9569fc3dd514ee90)] -> xpath: //*[label]], [[ChromeDriver: chrome on MAC (78f9c190e384e03c9569fc3dd514ee90)] -> xpath: //*[label]], [[ChromeDriver: chrome on MAC (78f9c190e384e03c9569fc3dd514ee90)] -> xpath: //*[label]], [[ChromeDriver: chrome on MAC (78f9c190e384e03c9569fc3dd514ee90)] -> xpath: //*[label]], [[ChromeDriver: chrome on MAC (78f9c190e384e03c9569fc3dd514ee90)] -> xpath: //*[label]], [[ChromeDriver: chrome on MAC (78f9c190e384e03c9569fc3dd514ee90)] -> xpath: //*[label]]]
fit
6
[[[ChromeDriver: chrome on MAC (ffb3d737b2d25e436de1fadd3eb0e59b)] -> xpath: //*[label]], [[ChromeDriver: chrome on MAC (ffb3d737b2d25e436de1fadd3eb0e59b)] -> xpath: //*[label]], [[ChromeDriver: chrome on MAC (ffb3d737b2d25e436de1fadd3eb0e59b)] -> xpath: //*[label]], [[ChromeDriver: chrome on MAC (ffb3d737b2d25e436de1fadd3eb0e59b)] -> xpath: //*[label]], [[ChromeDriver: chrome on MAC (ffb3d737b2d25e436de1fadd3eb0e59b)] -> xpath: //*[label]], [[ChromeDriver: chrome on MAC (ffb3d737b2d25e436de1fadd3eb0e59b)] -> xpath: //*[label]]]
Test Successfully Finished  SelectBodytype
]]></system-out>
    <system-err><![CDATA[[TestNG-test=Test-5] ERROR io.qameta.allure.util.NamingUtils - Could not find parameter Email
[TestNG-test=Test-4] ERROR io.qameta.allure.util.NamingUtils - Could not find parameter password
[TestNG-test=Test-5] ERROR io.qameta.allure.util.NamingUtils - Could not find parameter password
]]></system-err>
  </testcase>
  <testcase name="SelctStyle" classname="TestsObjects.OnBoardingNaturalTest" time="3.13">
    <system-out><![CDATA[Test Successfully Finished  SelctStyle
]]></system-out>
    <system-err><![CDATA[[TestNG-test=Test-5] ERROR io.qameta.allure.util.NamingUtils - Could not find parameter password
]]></system-err>
  </testcase>
  <testcase name="DoSignUp" classname="TestsObjects.OnBoardingMaleTest" time="0.495">
    <system-out><![CDATA[New Test Started SelectFamale
LET'S GET STYLING
Test Successfully Finished  DoSignUp
]]></system-out>
    <system-err><![CDATA[[TestNG-test=Test-5] ERROR io.qameta.allure.util.NamingUtils - Could not find parameter password
]]></system-err>
  </testcase>
  <testcase name="SelectFamale" classname="TestsObjects.OnBoardingMaleTest" time="0.052">
    <system-out><![CDATA[New Test Started FillPsswordWithLessthan6Characters
Test Successfully Finished  SelectFamale
]]></system-out>
  </testcase>
  <testcase name="SelctStyle" classname="TestsObjects.OnBoardingMaleTest" time="0.104">
    <system-out><![CDATA[New Test Started SelctStyle
Test Successfully Finished  SelctStyle
]]></system-out>
  </testcase>
  <testcase name="SelectBrands" classname="TestsObjects.OnBoardingMaleTest" time="1.79">
    <failure message="stale element reference: element is not attached to the page document&#10;  (Session info: chrome=91.0.4472.106)&#10;For documentation on this error, please visit: https://selenium.dev/exceptions/#stale_element_reference&#10;Build info: version: &apos;4.0.0-beta-2&apos;, revision: &apos;4ec0cfc112&apos;&#10;System info: host: &apos;yinons-MacBook-Pro-2.local&apos;, ip: &apos;fe80:0:0:0:143c:809:59a5:7856%en0&apos;, os.name: &apos;Mac OS X&apos;, os.arch: &apos;x86_64&apos;, os.version: &apos;11.4&apos;, java.version: &apos;15.0.2&apos;&#10;Driver info: org.openqa.selenium.chrome.ChromeDriver&#10;Command: [64aa09dd4ab8c53f0a5dea5fcebcb515, executeScript {script=arguments[0].scrollIntoView(true);, args=[{ELEMENT=bfbe93bc-703f-4b1b-8662-8665195556ce, element-6066-11e4-a52e-4f735466cecf=bfbe93bc-703f-4b1b-8662-8665195556ce}]}]&#10;Capabilities {acceptInsecureCerts: false, browserName: chrome, browserVersion: 91.0.4472.106, chrome: {chromedriverVersion: 91.0.4472.101 (af52a90bf870..., userDataDir: /var/folders/xz/jk5hy2jd3sb...}, goog:chromeOptions: {debuggerAddress: localhost:59882}, javascriptEnabled: true, networkConnectionEnabled: false, pageLoadStrategy: normal, platform: MAC, platformName: MAC, proxy: Proxy(), setWindowRect: true, strictFileInteractability: false, timeouts: {implicit: 0, pageLoad: 300000, script: 30000}, unhandledPromptBehavior: dismiss and notify, webauthn:extension:largeBlob: true, webauthn:virtualAuthenticators: true}&#10;Session ID: 64aa09dd4ab8c53f0a5dea5fcebcb515" type="org.openqa.selenium.StaleElementReferenceException"><![CDATA[org.openqa.selenium.StaleElementReferenceException: 
stale element reference: element is not attached to the page document
  (Session info: chrome=91.0.4472.106)
For documentation on this error, please visit: https://selenium.dev/exceptions/#stale_element_reference
Build info: version: '4.0.0-beta-2', revision: '4ec0cfc112'
System info: host: 'yinons-MacBook-Pro-2.local', ip: 'fe80:0:0:0:143c:809:59a5:7856%en0', os.name: 'Mac OS X', os.arch: 'x86_64', os.version: '11.4', java.version: '15.0.2'
Driver info: org.openqa.selenium.chrome.ChromeDriver
Command: [64aa09dd4ab8c53f0a5dea5fcebcb515, executeScript {script=arguments[0].scrollIntoView(true);, args=[{ELEMENT=bfbe93bc-703f-4b1b-8662-8665195556ce, element-6066-11e4-a52e-4f735466cecf=bfbe93bc-703f-4b1b-8662-8665195556ce}]}]
Capabilities {acceptInsecureCerts: false, browserName: chrome, browserVersion: 91.0.4472.106, chrome: {chromedriverVersion: 91.0.4472.101 (af52a90bf870..., userDataDir: /var/folders/xz/jk5hy2jd3sb...}, goog:chromeOptions: {debuggerAddress: localhost:59882}, javascriptEnabled: true, networkConnectionEnabled: false, pageLoadStrategy: normal, platform: MAC, platformName: MAC, proxy: Proxy(), setWindowRect: true, strictFileInteractability: false, timeouts: {implicit: 0, pageLoad: 300000, script: 30000}, unhandledPromptBehavior: dismiss and notify, webauthn:extension:largeBlob: true, webauthn:virtualAuthenticators: true}
Session ID: 64aa09dd4ab8c53f0a5dea5fcebcb515
	at TestsObjects.OnBoardingMaleTest.SelectBrands(OnBoardingMaleTest.java:95)
]]></failure>
    <system-out><![CDATA[New Test Started FillMailWithHebrewCarecters
Test Failed  SelectBrands
]]></system-out>
    <system-err><![CDATA[[TestNG-test=Test-5] ERROR io.qameta.allure.util.NamingUtils - Could not find parameter fullname
[TestNG-test=Test-5] ERROR io.qameta.allure.util.NamingUtils - Could not find parameter Email
]]></system-err>
  </testcase>
  <testcase name="DoSignUp" classname="TestsObjects.OnBoardingFemaleTest" time="0.376">
    <system-out><![CDATA[New Test Started FillCorrectPasswordWithWrongEmail
LET'S GET STYLING
Test Successfully Finished  DoSignUp
]]></system-out>
  </testcase>
  <testcase name="SelectFamale" classname="TestsObjects.OnBoardingFemaleTest" time="0.622">
    <system-out><![CDATA[New Test Started FillHebLettersEmail
fit
6
[[[ChromeDriver: chrome on MAC (78f9c190e384e03c9569fc3dd514ee90)] -> xpath: //*[label]], [[ChromeDriver: chrome on MAC (78f9c190e384e03c9569fc3dd514ee90)] -> xpath: //*[label]], [[ChromeDriver: chrome on MAC (78f9c190e384e03c9569fc3dd514ee90)] -> xpath: //*[label]], [[ChromeDriver: chrome on MAC (78f9c190e384e03c9569fc3dd514ee90)] -> xpath: //*[label]], [[ChromeDriver: chrome on MAC (78f9c190e384e03c9569fc3dd514ee90)] -> xpath: //*[label]], [[ChromeDriver: chrome on MAC (78f9c190e384e03c9569fc3dd514ee90)] -> xpath: //*[label]]]
Test Successfully Finished  SelectFamale
]]></system-out>
    <system-err><![CDATA[[TestNG-test=Test-5] ERROR io.qameta.allure.util.NamingUtils - Could not find parameter fullname
[TestNG-test=Test-4] ERROR io.qameta.allure.util.NamingUtils - Could not find parameter name
]]></system-err>
  </testcase>
  <testcase name="SelectBodytype" classname="TestsObjects.OnBoardingFemaleTest" time="1.016">
    <system-out><![CDATA[New Test Started DoLogin
[[[ChromeDriver: chrome on MAC (ffb3d737b2d25e436de1fadd3eb0e59b)] -> xpath: //*[label]], [[ChromeDriver: chrome on MAC (ffb3d737b2d25e436de1fadd3eb0e59b)] -> xpath: //*[label]], [[ChromeDriver: chrome on MAC (ffb3d737b2d25e436de1fadd3eb0e59b)] -> xpath: //*[label]], [[ChromeDriver: chrome on MAC (ffb3d737b2d25e436de1fadd3eb0e59b)] -> xpath: //*[label]], [[ChromeDriver: chrome on MAC (ffb3d737b2d25e436de1fadd3eb0e59b)] -> xpath: //*[label]], [[ChromeDriver: chrome on MAC (ffb3d737b2d25e436de1fadd3eb0e59b)] -> xpath: //*[label]]]
petite
6
[[[ChromeDriver: chrome on MAC (ffb3d737b2d25e436de1fadd3eb0e59b)] -> xpath: //*[label]], [[ChromeDriver: chrome on MAC (ffb3d737b2d25e436de1fadd3eb0e59b)] -> xpath: //*[label]], [[ChromeDriver: chrome on MAC (ffb3d737b2d25e436de1fadd3eb0e59b)] -> xpath: //*[label]], [[ChromeDriver: chrome on MAC (ffb3d737b2d25e436de1fadd3eb0e59b)] -> xpath: //*[label]], [[ChromeDriver: chrome on MAC (ffb3d737b2d25e436de1fadd3eb0e59b)] -> xpath: //*[label]], [[ChromeDriver: chrome on MAC (ffb3d737b2d25e436de1fadd3eb0e59b)] -> xpath: //*[label]]]
Test Successfully Finished  SelectBodytype
]]></system-out>
    <system-err><![CDATA[[TestNG-test=Test-4] ERROR io.qameta.allure.util.NamingUtils - Could not find parameter name
[TestNG-test=Test-5] ERROR io.qameta.allure.util.NamingUtils - Could not find parameter fullname
[TestNG-test=Test-4] ERROR io.qameta.allure.util.NamingUtils - Could not find parameter password
]]></system-err>
  </testcase>
  <testcase name="SelctStyle" classname="TestsObjects.OnBoardingFemaleTest" time="1.142">
    <system-out><![CDATA[New Test Started FillNameWithSpecialCarecters
Test Successfully Finished  SelctStyle
]]></system-out>
    <system-err><![CDATA[Exception in thread "TestNG-test=Test-3" org.openqa.selenium.NoSuchSessionException: invalid session id
Build info: version: '4.0.0-beta-2', revision: '4ec0cfc112'
System info: host: 'yinons-MacBook-Pro-2.local', ip: 'fe80:0:0:0:143c:809:59a5:7856%en0', os.name: 'Mac OS X', os.arch: 'x86_64', os.version: '11.4', java.version: '15.0.2'
Driver info: org.openqa.selenium.chrome.ChromeDriver
Command: [3d85c4221c6f407136ad4913c270a776, screenshot {}]
Capabilities {acceptInsecureCerts: false, browserName: chrome, browserVersion: 91.0.4472.106, chrome: {chromedriverVersion: 91.0.4472.101 (af52a90bf870..., userDataDir: /var/folders/xz/jk5hy2jd3sb...}, goog:chromeOptions: {debuggerAddress: localhost:59881}, javascriptEnabled: true, networkConnectionEnabled: false, pageLoadStrategy: normal, platform: MAC, platformName: MAC, proxy: Proxy(), setWindowRect: true, strictFileInteractability: false, timeouts: {implicit: 0, pageLoad: 300000, script: 30000}, unhandledPromptBehavior: dismiss and notify, webauthn:extension:largeBlob: true, webauthn:virtualAuthenticators: true}
Session ID: 3d85c4221c6f407136ad4913c270a776
	at java.base/jdk.internal.reflect.NativeConstructorAccessorImpl.newInstance0(Native Method)
	at java.base/jdk.internal.reflect.NativeConstructorAccessorImpl.newInstance(NativeConstructorAccessorImpl.java:64)
	at java.base/jdk.internal.reflect.DelegatingConstructorAccessorImpl.newInstance(DelegatingConstructorAccessorImpl.java:45)
	at java.base/java.lang.reflect.Constructor.newInstanceWithCaller(Constructor.java:500)
	at java.base/java.lang.reflect.Constructor.newInstance(Constructor.java:481)
	at org.openqa.selenium.remote.codec.w3c.W3CHttpResponseCodec.createException(W3CHttpResponseCodec.java:195)
	at org.openqa.selenium.remote.codec.w3c.W3CHttpResponseCodec.decode(W3CHttpResponseCodec.java:128)
	at org.openqa.selenium.remote.codec.w3c.W3CHttpResponseCodec.decode(W3CHttpResponseCodec.java:52)
	at org.openqa.selenium.remote.HttpCommandExecutor.execute(HttpCommandExecutor.java:187)
	at org.openqa.selenium.remote.service.DriverCommandExecutor.invokeExecute(DriverCommandExecutor.java:153)
	at org.openqa.selenium.remote.service.DriverCommandExecutor.execute(DriverCommandExecutor.java:128)
	at org.openqa.selenium.remote.RemoteWebDriver.execute(RemoteWebDriver.java:620)
	at org.openqa.selenium.remote.RemoteWebDriver.execute(RemoteWebDriver.java:675)
	at org.openqa.selenium.remote.RemoteWebDriver.execute(RemoteWebDriver.java:679)
	at org.openqa.selenium.remote.RemoteWebDriver.getScreenshotAs(RemoteWebDriver.java:355)
	at utilitis.AllureAttachments$AllureAttachment.attachScreenshot(AllureAttachments.java:20)
	at utilitis.Listener.onTestFailure(Listener.java:36)
	at org.testng.internal.TestListenerHelper.runTestListeners(TestListenerHelper.java:96)
	at org.testng.internal.TestInvoker.runTestResultListener(TestInvoker.java:220)
	at org.testng.internal.TestInvoker$MethodInvocationAgent.invoke(TestInvoker.java:832)
	at org.testng.internal.TestInvoker.invokeTestMethods(TestInvoker.java:147)
	at org.testng.internal.TestMethodWorker.invokeTestMethods(TestMethodWorker.java:146)
	at org.testng.internal.TestMethodWorker.run(TestMethodWorker.java:128)
	at java.base/java.util.concurrent.ThreadPoolExecutor.runWorker(ThreadPoolExecutor.java:1130)
	at java.base/java.util.concurrent.ThreadPoolExecutor$Worker.run(ThreadPoolExecutor.java:630)
	at java.base/java.lang.Thread.run(Thread.java:832)
[TestNG-test=Test-5] ERROR io.qameta.allure.util.NamingUtils - Could not find parameter fullname
]]></system-err>
  </testcase>
</testsuite>