<?xml version="1.0" encoding="UTF-8"?>
<testng-results ignored="0" total="7" passed="7" failed="0" skipped="0">
  <reporter-output>
  </reporter-output>
  <suite started-at="2021-05-02T23:44:32 IDT" name="Suite" finished-at="2021-05-02T23:44:59 IDT" duration-ms="26565">
    <groups>
      <group name="sanity-group">
        <method signature="LoginTest.ClickLoginwWithOutToFillAnyFields()[pri:3, instance:TestsObjects.LoginTest@acf859d]" name="ClickLoginwWithOutToFillAnyFields" class="TestsObjects.LoginTest"/>
        <method signature="LoginTest.DoLogin()[pri:7, instance:TestsObjects.LoginTest@acf859d]" name="DoLogin" class="TestsObjects.LoginTest"/>
        <method signature="LoginTest.FillCorrectEmailWithWrongPassword()[pri:4, instance:TestsObjects.LoginTest@acf859d]" name="FillCorrectEmailWithWrongPassword" class="TestsObjects.LoginTest"/>
        <method signature="LoginTest.FillCorrectPasswordWithWrongEmail()[pri:5, instance:TestsObjects.LoginTest@acf859d]" name="FillCorrectPasswordWithWrongEmail" class="TestsObjects.LoginTest"/>
        <method signature="LoginTest.FillEmailWithOutToFillPassword()[pri:2, instance:TestsObjects.LoginTest@acf859d]" name="FillEmailWithOutToFillPassword" class="TestsObjects.LoginTest"/>
        <method signature="LoginTest.FillHebLettersEmail()[pri:6, instance:TestsObjects.LoginTest@acf859d]" name="FillHebLettersEmail" class="TestsObjects.LoginTest"/>
        <method signature="LoginTest.FillPasswordWithOutToFillEmail()[pri:1, instance:TestsObjects.LoginTest@acf859d]" name="FillPasswordWithOutToFillEmail" class="TestsObjects.LoginTest"/>
        <method signature="SignUpTest.CreateUser()[pri:11, instance:TestsObjects.SignUpTest@6df3e44c]" name="CreateUser" class="TestsObjects.SignUpTest"/>
        <method signature="SignUpTest.DoSignUp()[pri:10, instance:TestsObjects.SignUpTest@6df3e44c]" name="DoSignUp" class="TestsObjects.SignUpTest"/>
        <method signature="SignUpTest.FillEmailWithoutDotCom()[pri:3, instance:TestsObjects.SignUpTest@6df3e44c]" name="FillEmailWithoutDotCom" class="TestsObjects.SignUpTest"/>
        <method signature="SignUpTest.FillEmailWitoutShtudel()[pri:2, instance:TestsObjects.SignUpTest@6df3e44c]" name="FillEmailWitoutShtudel" class="TestsObjects.SignUpTest"/>
        <method signature="SignUpTest.FillMailWithHebrewCarecters()[pri:6, instance:TestsObjects.SignUpTest@6df3e44c]" name="FillMailWithHebrewCarecters" class="TestsObjects.SignUpTest"/>
        <method signature="SignUpTest.FillMailWithSpecialCarecters()[pri:5, instance:TestsObjects.SignUpTest@6df3e44c]" name="FillMailWithSpecialCarecters" class="TestsObjects.SignUpTest"/>
        <method signature="SignUpTest.FillNameWithHebrewCarecters()[pri:8, instance:TestsObjects.SignUpTest@6df3e44c]" name="FillNameWithHebrewCarecters" class="TestsObjects.SignUpTest"/>
        <method signature="SignUpTest.FillNameWithOutLastName()[pri:9, instance:TestsObjects.SignUpTest@6df3e44c]" name="FillNameWithOutLastName" class="TestsObjects.SignUpTest"/>
        <method signature="SignUpTest.FillNameWithSpecialCarecters()[pri:7, instance:TestsObjects.SignUpTest@6df3e44c]" name="FillNameWithSpecialCarecters" class="TestsObjects.SignUpTest"/>
        <method signature="SignUpTest.FillPsswordWithLessthan6Characters()[pri:4, instance:TestsObjects.SignUpTest@6df3e44c]" name="FillPsswordWithLessthan6Characters" class="TestsObjects.SignUpTest"/>
      </group> <!-- sanity-group -->
    </groups>
    <test started-at="2021-05-02T23:44:32 IDT" name="Test" finished-at="2021-05-02T23:44:59 IDT" duration-ms="26565">
      <class name="TestsObjects.LoginTest">
        <test-method is-config="true" signature="setupCapability(org.testng.ITestContext)[pri:0, instance:TestsObjects.LoginTest@acf859d]" started-at="2021-05-02T23:44:32 IDT" name="setupCapability" finished-at="2021-05-02T23:44:47 IDT" duration-ms="14527" status="PASS">
          <params>
            <param index="0">
              <value>
                <![CDATA[org.testng.TestRunner@281ce6bb]]>
              </value>
            </param>
          </params>
          <reporter-output>
          </reporter-output>
        </test-method> <!-- setupCapability -->
        <test-method signature="FillPasswordWithOutToFillEmail()[pri:1, instance:TestsObjects.LoginTest@acf859d]" started-at="2021-05-02T23:44:47 IDT" name="FillPasswordWithOutToFillEmail" finished-at="2021-05-02T23:44:48 IDT" duration-ms="1522" status="PASS">
          <reporter-output>
          </reporter-output>
        </test-method> <!-- FillPasswordWithOutToFillEmail -->
        <test-method signature="FillEmailWithOutToFillPassword()[pri:2, instance:TestsObjects.LoginTest@acf859d]" started-at="2021-05-02T23:44:48 IDT" name="FillEmailWithOutToFillPassword" finished-at="2021-05-02T23:44:49 IDT" duration-ms="676" status="PASS">
          <reporter-output>
          </reporter-output>
        </test-method> <!-- FillEmailWithOutToFillPassword -->
        <test-method signature="ClickLoginwWithOutToFillAnyFields()[pri:3, instance:TestsObjects.LoginTest@acf859d]" started-at="2021-05-02T23:44:49 IDT" name="ClickLoginwWithOutToFillAnyFields" finished-at="2021-05-02T23:44:50 IDT" duration-ms="540" status="PASS">
          <reporter-output>
          </reporter-output>
        </test-method> <!-- ClickLoginwWithOutToFillAnyFields -->
        <test-method signature="FillCorrectEmailWithWrongPassword()[pri:4, instance:TestsObjects.LoginTest@acf859d]" started-at="2021-05-02T23:44:50 IDT" name="FillCorrectEmailWithWrongPassword" finished-at="2021-05-02T23:44:51 IDT" duration-ms="1765" status="PASS">
          <reporter-output>
          </reporter-output>
        </test-method> <!-- FillCorrectEmailWithWrongPassword -->
        <test-method signature="FillCorrectPasswordWithWrongEmail()[pri:5, instance:TestsObjects.LoginTest@acf859d]" started-at="2021-05-02T23:44:51 IDT" name="FillCorrectPasswordWithWrongEmail" finished-at="2021-05-02T23:44:53 IDT" duration-ms="1254" status="PASS">
          <reporter-output>
          </reporter-output>
        </test-method> <!-- FillCorrectPasswordWithWrongEmail -->
        <test-method signature="FillHebLettersEmail()[pri:6, instance:TestsObjects.LoginTest@acf859d]" started-at="2021-05-02T23:44:53 IDT" name="FillHebLettersEmail" finished-at="2021-05-02T23:44:54 IDT" duration-ms="1268" status="PASS">
          <reporter-output>
          </reporter-output>
        </test-method> <!-- FillHebLettersEmail -->
        <test-method signature="DoLogin()[pri:7, instance:TestsObjects.LoginTest@acf859d]" started-at="2021-05-02T23:44:54 IDT" name="DoLogin" finished-at="2021-05-02T23:44:55 IDT" duration-ms="1628" status="PASS">
          <reporter-output>
          </reporter-output>
        </test-method> <!-- DoLogin -->
        <test-method is-config="true" signature="close()[pri:0, instance:TestsObjects.LoginTest@acf859d]" started-at="2021-05-02T23:44:55 IDT" name="close" finished-at="2021-05-02T23:44:56 IDT" duration-ms="185" status="PASS">
          <reporter-output>
          </reporter-output>
        </test-method> <!-- close -->
      </class> <!-- TestsObjects.LoginTest -->
      <class name="TestsObjects.SignUpTest">
        <test-method is-config="true" signature="setupCapability(org.testng.ITestContext)[pri:0, instance:TestsObjects.SignUpTest@6df3e44c]" started-at="2021-05-02T23:44:32 IDT" name="setupCapability" finished-at="2021-05-02T23:44:47 IDT" duration-ms="15078" status="PASS">
          <params>
            <param index="0">
              <value>
                <![CDATA[org.testng.TestRunner@281ce6bb]]>
              </value>
            </param>
          </params>
          <reporter-output>
          </reporter-output>
        </test-method> <!-- setupCapability -->
      </class> <!-- TestsObjects.SignUpTest -->
    </test> <!-- Test -->
  </suite> <!-- Suite -->
</testng-results>
